<?xml version="1.0" encoding="UTF-8" ?>
<testsuite tests="1" failures="0" name="BankManager.ViewTest" time="0.609" errors="1" skipped="0">
  <properties>
[...]
</properties>
  <testcase classname="BankManager.ViewTest" name="testProcessName" time="0.606">
    <error message="Missing invocation of:
BankManager.DBManager#retrieveAccountHolderName(int accountId)
   with arguments: 10
   on mock instance: BankManager.DBManager@56a6d5a6" type="mockit.internal.MissingInvocation">mockit.internal.MissingInvocation: Missing invocation of:
BankManager.DBManager#retrieveAccountHolderName(int accountId)
   with arguments: 10
   on mock instance: BankManager.DBManager@56a6d5a6
	at sun.reflect.NativeMethodAccessorImpl.invoke0(Native Method)
	at java.lang.reflect.Method.invoke(Method.java:498)
	at org.apache.maven.surefire.junit4.JUnit4TestSet.execute(JUnit4TestSet.java:53)
	at org.apache.maven.surefire.junit4.JUnit4Provider.executeTestSet(JUnit4Provider.java:123)
	at org.apache.maven.surefire.junit4.JUnit4Provider.invoke(JUnit4Provider.java:104)
	at sun.reflect.NativeMethodAccessorImpl.invoke0(Native Method)
	at java.lang.reflect.Method.invoke(Method.java:498)
	at org.apache.maven.surefire.util.ReflectionUtils.invokeMethodWithArray(ReflectionUtils.java:164)
	at org.apache.maven.surefire.booter.ProviderFactory$ProviderProxy.invoke(ProviderFactory.java:110)
	at org.apache.maven.surefire.booter.SurefireStarter.invokeProvider(SurefireStarter.java:175)
	at org.apache.maven.surefire.booter.SurefireStarter.runSuitesInProcessWhenForked(SurefireStarter.java:107)
	at org.apache.maven.surefire.booter.ForkedBooter.main(ForkedBooter.java:68)
Caused by: Missing invocation
	at BankManager.DBManager.retrieveAccountHolderName(DBManager.java)
	at BankManager.ViewTest$1.&lt;init&gt;(ViewTest.java:28)
	at BankManager.ViewTest.testProcessName(ViewTest.java:27)
	at sun.reflect.NativeMethodAccessorImpl.invoke0(Native Method)
	at java.lang.reflect.Method.invoke(Method.java:498)
	... 12 more
</error>
  </testcase>
</testsuite>